#
# A fatal error has been detected by the Java Runtime Environment:
#
#  EXCEPTION_ACCESS_VIOLATION (0xc0000005) at pc=0x0000000071a570b3, pid=2144, tid=0x0000000000000f6c
#
# JRE version: Java(TM) SE Runtime Environment (8.0_151-b12) (build 1.8.0_151-b12)
# Java VM: Java HotSpot(TM) 64-Bit Server VM (25.151-b12 mixed mode windows-amd64 compressed oops)
# Problematic frame:
# V  [jvm.dll+0x2170b3]
#
# Failed to write core dump. Minidumps are not enabled by default on client versions of Windows
#
# If you would like to submit a bug report, please visit:
#   http://bugreport.java.com/bugreport/crash.jsp
#

---------------  T H R E A D  ---------------

Current thread (0x0000000054d45800):  JavaThread "JDWP Transport Listener: dt_socket" daemon [_thread_in_vm, id=3948, stack(0x00000000563e0000,0x00000000564e0000)]

siginfo: ExceptionCode=0xc0000005, reading address 0x0000000000000a58

Registers:
RAX=0x0000000000000a00, RBX=0x0000000000000a00, RCX=0x0000000000000000, RDX=0x0000000059e44d20
RSP=0x00000000564df290, RBP=0x0000000000000000, RSI=0x0000000000000006, RDI=0x0000000059e44d20
R8 =0x0000000000000a00, R9 =0x0000000054d45800, R10=0x0000000000000000, R11=0x0000000000000000
R12=0x0000000000000000, R13=0x0000000054d46508, R14=0x0000000000000000, R15=0x0000000000000000
RIP=0x0000000071a570b3, EFLAGS=0x0000000000010206

Top of Stack: (sp=0x00000000564df290)
0x00000000564df290:   0000000054d45800 0000000059e44d20
0x00000000564df2a0:   00000000564df3a8 00000000719ffe27
0x00000000564df2b0:   000000005c7cc000 00000000719e3947
0x00000000564df2c0:   0000000059e44d20 00000000564df3a8
0x00000000564df2d0:   0000000000000006 00000000719e960a
0x00000000564df2e0:   000000005c7cc000 00000000719e5789
0x00000000564df2f0:   0000000000000005 0000000000000000
0x00000000564df300:   00000000564df3e0 0000000074ed10de
0x00000000564df310:   00000000564df3a8 0000000071b737c8
0x00000000564df320:   0000000054d45800 000000000211f440
0x00000000564df330:   0000000054d4d4f8 000000007197e2f0
0x00000000564df340:   0000000054d45800 0000000000000000
0x00000000564df350:   0000000000000000 0000000000000000
0x00000000564df360:   00000000564df3e0 0000000074ecd44b
0x00000000564df370:   00000000564df3e8 0000000054d4d4f8
0x00000000564df380:   0000000054d4d4f8 0000000000000000 

Instructions: (pc=0x0000000071a570b3)
0x0000000071a57093:   39 61 00 00 4c 8b 1f 49 f7 c3 fe ff ff ff 74 32
0x0000000071a570a3:   41 f6 c3 01 74 89 eb 2a 48 83 e3 fe 48 89 5f 10
0x0000000071a570b3:   48 8b 43 58 48 89 47 10 48 89 5f 18 e8 0c 61 00
0x0000000071a570c3:   00 4c 8b 1f 41 f6 c3 01 75 08 48 8b cb e8 bb 18 


Register to memory mapping:

RAX=0x0000000000000a00 is an unknown value
RBX=0x0000000000000a00 is an unknown value
RCX=0x0000000000000000 is an unknown value
RDX=0x0000000059e44d20 is an unknown value
RSP=0x00000000564df290 is pointing into the stack for thread: 0x0000000054d45800
RBP=0x0000000000000000 is an unknown value
RSI=0x0000000000000006 is an unknown value
RDI=0x0000000059e44d20 is an unknown value
R8 =0x0000000000000a00 is an unknown value
R9 =0x0000000054d45800 is a thread
R10=0x0000000000000000 is an unknown value
R11=0x0000000000000000 is an unknown value
R12=0x0000000000000000 is an unknown value
R13=0x0000000054d46508 is an unknown value
R14=0x0000000000000000 is an unknown value
R15=0x0000000000000000 is an unknown value


Stack: [0x00000000563e0000,0x00000000564e0000],  sp=0x00000000564df290,  free space=1020k
Native frames: (J=compiled Java code, j=interpreted, Vv=VM code, C=native code)


---------------  P R O C E S S  ---------------

Java Threads: ( => current thread )
  0x000000005c7cb000 JavaThread "RMI TCP Connection(6)-127.0.0.1" daemon [_thread_in_native, id=792, stack(0x000000005f520000,0x000000005f620000)]
  0x000000005c7ca800 JavaThread "JMX server connection timeout 267" daemon [_thread_blocked, id=2036, stack(0x000000005f330000,0x000000005f430000)]
  0x000000005c7a2000 JavaThread "RMI TCP Connection(5)-127.0.0.1" daemon [_thread_in_native, id=3152, stack(0x000000005f1c0000,0x000000005f2c0000)]
  0x000000005c7c9800 JavaThread "JMX server connection timeout 265" daemon [_thread_blocked, id=4024, stack(0x000000005f050000,0x000000005f150000)]
  0x000000005c7a3800 JavaThread "RMI TCP Connection(4)-127.0.0.1" daemon [_thread_in_native, id=2728, stack(0x000000005ef20000,0x000000005f020000)]
  0x000000005c7a2800 JavaThread "RMI TCP Connection(3)-127.0.0.1" daemon [_thread_in_native, id=3516, stack(0x000000005ec70000,0x000000005ed70000)]
  0x000000005c7a1000 JavaThread "DestroyJavaVM" [_thread_blocked, id=3136, stack(0x00000000023c0000,0x00000000024c0000)]
  0x000000005c7a0000 JavaThread "http-nio-8081-Acceptor" daemon [_thread_in_native, id=2656, stack(0x000000005ede0000,0x000000005eee0000)]
  0x000000005c79f800 JavaThread "http-nio-8081-ClientPoller" daemon [_thread_in_native, id=3220, stack(0x000000005e9b0000,0x000000005eab0000)]
  0x000000005c79e800 JavaThread "http-nio-8081-exec-10" daemon [_thread_blocked, id=2468, stack(0x000000005eb20000,0x000000005ec20000)]
  0x000000005c79e000 JavaThread "http-nio-8081-exec-9" daemon [_thread_blocked, id=2496, stack(0x000000005e700000,0x000000005e800000)]
  0x000000005c79d000 JavaThread "http-nio-8081-exec-8" daemon [_thread_blocked, id=2876, stack(0x000000005e850000,0x000000005e950000)]
  0x000000005c79c800 JavaThread "http-nio-8081-exec-7" daemon [_thread_blocked, id=3108, stack(0x000000005e5a0000,0x000000005e6a0000)]
  0x0000000059794800 JavaThread "http-nio-8081-exec-6" daemon [_thread_blocked, id=3020, stack(0x000000005e3d0000,0x000000005e4d0000)]
  0x0000000059793800 JavaThread "http-nio-8081-exec-5" daemon [_thread_blocked, id=3760, stack(0x000000005e200000,0x000000005e300000)]
  0x0000000059793000 JavaThread "http-nio-8081-exec-4" daemon [_thread_blocked, id=1064, stack(0x0000000058730000,0x0000000058830000)]
  0x0000000059792000 JavaThread "http-nio-8081-exec-3" daemon [_thread_blocked, id=3196, stack(0x0000000058010000,0x0000000058110000)]
  0x0000000059791800 JavaThread "http-nio-8081-exec-2" daemon [_thread_blocked, id=592, stack(0x000000005af90000,0x000000005b090000)]
  0x0000000059884000 JavaThread "http-nio-8081-exec-1" daemon [_thread_blocked, id=2016, stack(0x000000005e0f0000,0x000000005e1f0000)]
  0x0000000059883000 JavaThread "http-nio-8081-BlockPoller" daemon [_thread_in_native, id=3740, stack(0x000000005dee0000,0x000000005dfe0000)]
  0x0000000059882800 JavaThread "Live Reload Server" daemon [_thread_in_native, id=3708, stack(0x000000005dda0000,0x000000005dea0000)]
  0x0000000059881800 JavaThread "File Watcher" daemon [_thread_blocked, id=3356, stack(0x000000005b7e0000,0x000000005b8e0000)]
  0x0000000059881000 JavaThread "HikariPool-1 housekeeper" daemon [_thread_blocked, id=3352, stack(0x000000005b680000,0x000000005b780000)]
  0x0000000059880000 JavaThread "PostgreSQL-JDBC-SharedTimer-1" daemon [_thread_blocked, id=3880, stack(0x000000005b4b0000,0x000000005b5b0000)]
  0x000000005987f800 JavaThread "container-0" [_thread_blocked, id=3784, stack(0x000000005b0c0000,0x000000005b1c0000)]
  0x000000005987e800 JavaThread "Catalina-utility-2" [_thread_blocked, id=1348, stack(0x000000005ae90000,0x000000005af90000)]
  0x000000005987e000 JavaThread "Catalina-utility-1" [_thread_blocked, id=2760, stack(0x0000000058d50000,0x0000000058e50000)]
  0x0000000057481000 JavaThread "JMX server connection timeout 22" daemon [_thread_blocked, id=3928, stack(0x0000000058bf0000,0x0000000058cf0000)]
  0x0000000057459000 JavaThread "RMI TCP Connection(2)-127.0.0.1" daemon [_thread_in_native, id=3180, stack(0x0000000058840000,0x0000000058940000)]
  0x000000005743d000 JavaThread "RMI Scheduler(0)" daemon [_thread_blocked, id=3696, stack(0x0000000058500000,0x0000000058600000)]
  0x0000000057419000 JavaThread "RMI TCP Connection(1)-127.0.0.1" daemon [_thread_in_native, id=3284, stack(0x0000000058130000,0x0000000058230000)]
  0x0000000057124800 JavaThread "RMI TCP Accept-0" daemon [_thread_in_native, id=3548, stack(0x0000000057b40000,0x0000000057c40000)]
  0x0000000057101000 JavaThread "RMI TCP Accept-49508" daemon [_thread_in_native, id=596, stack(0x0000000057a20000,0x0000000057b20000)]
  0x00000000570fa000 JavaThread "RMI TCP Accept-0" daemon [_thread_in_native, id=780, stack(0x0000000057870000,0x0000000057970000)]
  0x0000000056ea4800 JavaThread "Service Thread" daemon [_thread_blocked, id=3888, stack(0x0000000056030000,0x0000000056130000)]
  0x0000000056ddf800 JavaThread "C1 CompilerThread1" daemon [_thread_blocked, id=3752, stack(0x00000000567c0000,0x00000000568c0000)]
  0x0000000056dde800 JavaThread "C2 CompilerThread0" daemon [_thread_blocked, id=3812, stack(0x00000000576d0000,0x00000000577d0000)]
  0x0000000054d59000 JavaThread "JDWP Command Reader" daemon [_thread_in_native, id=2684, stack(0x00000000568e0000,0x00000000569e0000)]
  0x0000000054d4a000 JavaThread "JDWP Event Helper Thread" daemon [_thread_blocked, id=3176, stack(0x0000000056610000,0x0000000056710000)]
=>0x0000000054d45800 JavaThread "JDWP Transport Listener: dt_socket" daemon [_thread_in_vm, id=3948, stack(0x00000000563e0000,0x00000000564e0000)]
  0x0000000054d36800 JavaThread "Attach Listener" daemon [_thread_blocked, id=544, stack(0x0000000055d90000,0x0000000055e90000)]
  0x0000000054d34000 JavaThread "Signal Dispatcher" daemon [_thread_blocked, id=196, stack(0x0000000055ec0000,0x0000000055fc0000)]
  0x0000000054d15000 JavaThread "Finalizer" daemon [_thread_blocked, id=2240, stack(0x0000000055bf0000,0x0000000055cf0000)]
  0x0000000054ccd000 JavaThread "Reference Handler" daemon [_thread_blocked, id=1812, stack(0x0000000055aa0000,0x0000000055ba0000)]

Other Threads:
  0x0000000054cc3000 VMThread [stack: 0x00000000558f0000,0x00000000559f0000] [id=3364]
  0x0000000057126800 WatcherThread [stack: 0x0000000057d10000,0x0000000057e10000] [id=3204]

VM state:not at safepoint (normal execution)

VM Mutex/Monitor currently owned by a thread: None

Heap:
 PSYoungGen      total 329728K, used 160916K [0x00000000eab00000, 0x0000000100000000, 0x0000000100000000)
  eden space 318464K, 46% used [0x00000000eab00000,0x00000000f3d27660,0x00000000fe200000)
  from space 11264K, 99% used [0x00000000ff500000,0x00000000ffffdaa8,0x0000000100000000)
  to   space 15360K, 0% used [0x00000000fe200000,0x00000000fe200000,0x00000000ff100000)
 ParOldGen       total 48640K, used 21306K [0x00000000c0000000, 0x00000000c2f80000, 0x00000000eab00000)
  object space 48640K, 43% used [0x00000000c0000000,0x00000000c14ce8f0,0x00000000c2f80000)
 Metaspace       used 54620K, capacity 57932K, committed 58240K, reserved 1099776K
  class space    used 7677K, capacity 8251K, committed 8320K, reserved 1048576K

Card table byte_map: [0x0000000011b50000,0x0000000011d60000] byte_map_base: 0x0000000011550000

Marking Bits: (ParMarkBitMap*) 0x000000007205d850
 Begin Bits: [0x0000000012190000, 0x0000000013190000)
 End Bits:   [0x0000000013190000, 0x0000000014190000)

Polling page: 0x0000000000120000

CodeCache: size=245760Kb used=9367Kb max_used=9367Kb free=236393Kb
 bounds [0x0000000002790000, 0x00000000030c0000, 0x0000000011790000]
 total_blobs=5079 nmethods=4555 adapters=444
 compilation: enabled

Compilation events (10 events):
Event: 16.776 Thread 0x0000000056ddf800 4569  s!   1       java.lang.Thread::start (71 bytes)
Event: 16.777 Thread 0x0000000056ddf800 nmethod 4569 0x00000000030adc10 code [0x00000000030addc0, 0x00000000030ae338]
Event: 16.778 Thread 0x0000000056ddf800 4571       1       java.io.ObjectStreamClass$FieldReflectorKey::hashCode (5 bytes)
Event: 16.778 Thread 0x0000000056ddf800 nmethod 4571 0x00000000030ae690 code [0x00000000030ae7e0, 0x00000000030ae8f0]
Event: 16.778 Thread 0x0000000056ddf800 4572   !   1       java.io.ObjectInputStream::readObject0 (566 bytes)
Event: 16.785 Thread 0x0000000056ddf800 nmethod 4572 0x00000000030ae950 code [0x00000000030aee80, 0x00000000030b0568]
Event: 16.785 Thread 0x0000000056ddf800 4573       1       java.io.ObjectInputStream$HandleTable::markDependency (171 bytes)
Event: 16.785 Thread 0x0000000056ddf800 nmethod 4573 0x00000000030b29d0 code [0x00000000030b2ba0, 0x00000000030b3108]
Event: 16.785 Thread 0x0000000056ddf800 4574       1       java.io.ObjectStreamField::getField (5 bytes)
Event: 16.785 Thread 0x0000000056ddf800 nmethod 4574 0x00000000030b35d0 code [0x00000000030b3720, 0x00000000030b3830]

GC Heap History (10 events):
Event: 7.090 GC heap before
{Heap before GC invocations=12 (full 1):
 PSYoungGen      total 195072K, used 193663K [0x00000000eab00000, 0x00000000f7780000, 0x0000000100000000)
  eden space 187904K, 100% used [0x00000000eab00000,0x00000000f6280000,0x00000000f6280000)
  from space 7168K, 80% used [0x00000000f7080000,0x00000000f761fe18,0x00000000f7780000)
  to   space 10752K, 0% used [0x00000000f6280000,0x00000000f6280000,0x00000000f6d00000)
 ParOldGen       total 30208K, used 19107K [0x00000000c0000000, 0x00000000c1d80000, 0x00000000eab00000)
  object space 30208K, 63% used [0x00000000c0000000,0x00000000c12a8c98,0x00000000c1d80000)
 Metaspace       used 25573K, capacity 26884K, committed 27136K, reserved 1073152K
  class space    used 3460K, capacity 3754K, committed 3840K, reserved 1048576K
Event: 7.102 GC heap after
Heap after GC invocations=12 (full 1):
 PSYoungGen      total 198656K, used 4557K [0x00000000eab00000, 0x00000000fc580000, 0x0000000100000000)
  eden space 187904K, 0% used [0x00000000eab00000,0x00000000eab00000,0x00000000f6280000)
  from space 10752K, 42% used [0x00000000f6280000,0x00000000f66f3558,0x00000000f6d00000)
  to   space 10752K, 0% used [0x00000000fbb00000,0x00000000fbb00000,0x00000000fc580000)
 ParOldGen       total 30208K, used 22587K [0x00000000c0000000, 0x00000000c1d80000, 0x00000000eab00000)
  object space 30208K, 74% used [0x00000000c0000000,0x00000000c160ec40,0x00000000c1d80000)
 Metaspace       used 25573K, capacity 26884K, committed 27136K, reserved 1073152K
  class space    used 3460K, capacity 3754K, committed 3840K, reserved 1048576K
}
Event: 8.396 GC heap before
{Heap before GC invocations=13 (full 1):
 PSYoungGen      total 198656K, used 192461K [0x00000000eab00000, 0x00000000fc580000, 0x0000000100000000)
  eden space 187904K, 100% used [0x00000000eab00000,0x00000000f6280000,0x00000000f6280000)
  from space 10752K, 42% used [0x00000000f6280000,0x00000000f66f3558,0x00000000f6d00000)
  to   space 10752K, 0% used [0x00000000fbb00000,0x00000000fbb00000,0x00000000fc580000)
 ParOldGen       total 30208K, used 22587K [0x00000000c0000000, 0x00000000c1d80000, 0x00000000eab00000)
  object space 30208K, 74% used [0x00000000c0000000,0x00000000c160ec40,0x00000000c1d80000)
 Metaspace       used 31274K, capacity 33194K, committed 33408K, reserved 1077248K
  class space    used 4244K, capacity 4619K, committed 4736K, reserved 1048576K
Event: 8.426 GC heap after
Heap after GC invocations=13 (full 1):
 PSYoungGen      total 272896K, used 8832K [0x00000000eab00000, 0x00000000fc400000, 0x0000000100000000)
  eden space 263680K, 0% used [0x00000000eab00000,0x00000000eab00000,0x00000000fac80000)
  from space 9216K, 95% used [0x00000000fbb00000,0x00000000fc3a00d8,0x00000000fc400000)
  to   space 11264K, 0% used [0x00000000fae00000,0x00000000fae00000,0x00000000fb900000)
 ParOldGen       total 30208K, used 24163K [0x00000000c0000000, 0x00000000c1d80000, 0x00000000eab00000)
  object space 30208K, 79% used [0x00000000c0000000,0x00000000c1798c90,0x00000000c1d80000)
 Metaspace       used 31274K, capacity 33194K, committed 33408K, reserved 1077248K
  class space    used 4244K, capacity 4619K, committed 4736K, reserved 1048576K
}
Event: 8.876 GC heap before
{Heap before GC invocations=14 (full 1):
 PSYoungGen      total 272896K, used 39701K [0x00000000eab00000, 0x00000000fc400000, 0x0000000100000000)
  eden space 263680K, 11% used [0x00000000eab00000,0x00000000ec9255d0,0x00000000fac80000)
  from space 9216K, 95% used [0x00000000fbb00000,0x00000000fc3a00d8,0x00000000fc400000)
  to   space 11264K, 0% used [0x00000000fae00000,0x00000000fae00000,0x00000000fb900000)
 ParOldGen       total 30208K, used 24163K [0x00000000c0000000, 0x00000000c1d80000, 0x00000000eab00000)
  object space 30208K, 79% used [0x00000000c0000000,0x00000000c1798c90,0x00000000c1d80000)
 Metaspace       used 33178K, capacity 35302K, committed 35456K, reserved 1079296K
  class space    used 4473K, capacity 4873K, committed 4992K, reserved 1048576K
Event: 8.900 GC heap after
Heap after GC invocations=14 (full 1):
 PSYoungGen      total 276480K, used 1698K [0x00000000eab00000, 0x0000000100000000, 0x0000000100000000)
  eden space 265216K, 0% used [0x00000000eab00000,0x00000000eab00000,0x00000000fae00000)
  from space 11264K, 15% used [0x00000000fae00000,0x00000000fafa8970,0x00000000fb900000)
  to   space 11264K, 0% used [0x00000000ff500000,0x00000000ff500000,0x0000000100000000)
 ParOldGen       total 30208K, used 28083K [0x00000000c0000000, 0x00000000c1d80000, 0x00000000eab00000)
  object space 30208K, 92% used [0x00000000c0000000,0x00000000c1b6cc50,0x00000000c1d80000)
 Metaspace       used 33178K, capacity 35302K, committed 35456K, reserved 1079296K
  class space    used 4473K, capacity 4873K, committed 4992K, reserved 1048576K
}
Event: 8.900 GC heap before
{Heap before GC invocations=15 (full 2):
 PSYoungGen      total 276480K, used 1698K [0x00000000eab00000, 0x0000000100000000, 0x0000000100000000)
  eden space 265216K, 0% used [0x00000000eab00000,0x00000000eab00000,0x00000000fae00000)
  from space 11264K, 15% used [0x00000000fae00000,0x00000000fafa8970,0x00000000fb900000)
  to   space 11264K, 0% used [0x00000000ff500000,0x00000000ff500000,0x0000000100000000)
 ParOldGen       total 30208K, used 28083K [0x00000000c0000000, 0x00000000c1d80000, 0x00000000eab00000)
  object space 30208K, 92% used [0x00000000c0000000,0x00000000c1b6cc50,0x00000000c1d80000)
 Metaspace       used 33178K, capacity 35302K, committed 35456K, reserved 1079296K
  class space    used 4473K, capacity 4873K, committed 4992K, reserved 1048576K
Event: 9.074 GC heap after
Heap after GC invocations=15 (full 2):
 PSYoungGen      total 276480K, used 0K [0x00000000eab00000, 0x0000000100000000, 0x0000000100000000)
  eden space 265216K, 0% used [0x00000000eab00000,0x00000000eab00000,0x00000000fae00000)
  from space 11264K, 0% used [0x00000000fae00000,0x00000000fae00000,0x00000000fb900000)
  to   space 11264K, 0% used [0x00000000ff500000,0x00000000ff500000,0x0000000100000000)
 ParOldGen       total 48640K, used 15281K [0x00000000c0000000, 0x00000000c2f80000, 0x00000000eab00000)
  object space 48640K, 31% used [0x00000000c0000000,0x00000000c0eec4f8,0x00000000c2f80000)
 Metaspace       used 33178K, capacity 35302K, committed 35456K, reserved 1079296K
  class space    used 4473K, capacity 4873K, committed 4992K, reserved 1048576K
}
Event: 13.330 GC heap before
{Heap before GC invocations=16 (full 2):
 PSYoungGen      total 276480K, used 265216K [0x00000000eab00000, 0x0000000100000000, 0x0000000100000000)
  eden space 265216K, 100% used [0x00000000eab00000,0x00000000fae00000,0x00000000fae00000)
  from space 11264K, 0% used [0x00000000fae00000,0x00000000fae00000,0x00000000fb900000)
  to   space 11264K, 0% used [0x00000000ff500000,0x00000000ff500000,0x0000000100000000)
 ParOldGen       total 48640K, used 15281K [0x00000000c0000000, 0x00000000c2f80000, 0x00000000eab00000)
  object space 48640K, 31% used [0x00000000c0000000,0x00000000c0eec4f8,0x00000000c2f80000)
 Metaspace       used 48411K, capacity 51304K, committed 51456K, reserved 1093632K
  class space    used 6787K, capacity 7314K, committed 7424K, reserved 1048576K
Event: 13.364 GC heap after
Heap after GC invocations=16 (full 2):
 PSYoungGen      total 329728K, used 11254K [0x00000000eab00000, 0x0000000100000000, 0x0000000100000000)
  eden space 318464K, 0% used [0x00000000eab00000,0x00000000eab00000,0x00000000fe200000)
  from space 11264K, 99% used [0x00000000ff500000,0x00000000ffffdaa8,0x0000000100000000)
  to   space 15360K, 0% used [0x00000000fe200000,0x00000000fe200000,0x00000000ff100000)
 ParOldGen       total 48640K, used 21306K [0x00000000c0000000, 0x00000000c2f80000, 0x00000000eab00000)
  object space 48640K, 43% used [0x00000000c0000000,0x00000000c14ce8f0,0x00000000c2f80000)
 Metaspace       used 48411K, capacity 51304K, committed 51456K, reserved 1093632K
  class space    used 6787K, capacity 7314K, committed 7424K, reserved 1048576K
}

Deoptimization events (0 events):
No events

Internal exceptions (10 events):
Event: 15.778 Thread 0x0000000057470000 Exception <a 'java/lang/ArrayIndexOutOfBoundsException'> (0x00000000f161baf8) thrown at [C:\re\workspace\8-2-build-windows-amd64-cygwin\jdk8u151\9699\hotspot\src\share\vm\runtime\sharedRuntime.cpp, line 605]
Event: 15.778 Thread 0x0000000057470000 Exception <a 'java/lang/ArrayIndexOutOfBoundsException'> (0x00000000f161d8e0) thrown at [C:\re\workspace\8-2-build-windows-amd64-cygwin\jdk8u151\9699\hotspot\src\share\vm\runtime\sharedRuntime.cpp, line 605]
Event: 15.778 Thread 0x0000000057470000 Exception <a 'java/lang/ArrayIndexOutOfBoundsException'> (0x00000000f161fcb0) thrown at [C:\re\workspace\8-2-build-windows-amd64-cygwin\jdk8u151\9699\hotspot\src\share\vm\runtime\sharedRuntime.cpp, line 605]
Event: 16.120 Thread 0x0000000057470000 Exception <a 'java/lang/ArrayIndexOutOfBoundsException'> (0x00000000f207ec88) thrown at [C:\re\workspace\8-2-build-windows-amd64-cygwin\jdk8u151\9699\hotspot\src\share\vm\runtime\sharedRuntime.cpp, line 605]
Event: 16.122 Thread 0x0000000057470000 Exception <a 'java/lang/ArrayIndexOutOfBoundsException'> (0x00000000f2090e78) thrown at [C:\re\workspace\8-2-build-windows-amd64-cygwin\jdk8u151\9699\hotspot\src\share\vm\runtime\sharedRuntime.cpp, line 605]
Event: 16.122 Thread 0x0000000057470000 Exception <a 'java/lang/ArrayIndexOutOfBoundsException'> (0x00000000f2092b88) thrown at [C:\re\workspace\8-2-build-windows-amd64-cygwin\jdk8u151\9699\hotspot\src\share\vm\runtime\sharedRuntime.cpp, line 605]
Event: 16.122 Thread 0x0000000057470000 Exception <a 'java/lang/ArrayIndexOutOfBoundsException'> (0x00000000f2094e30) thrown at [C:\re\workspace\8-2-build-windows-amd64-cygwin\jdk8u151\9699\hotspot\src\share\vm\runtime\sharedRuntime.cpp, line 605]
Event: 16.122 Thread 0x0000000057470000 Exception <a 'java/lang/ArrayIndexOutOfBoundsException'> (0x00000000f2096548) thrown at [C:\re\workspace\8-2-build-windows-amd64-cygwin\jdk8u151\9699\hotspot\src\share\vm\runtime\sharedRuntime.cpp, line 605]
Event: 16.123 Thread 0x0000000057470000 Exception <a 'java/lang/ArrayIndexOutOfBoundsException'> (0x00000000f2097fb0) thrown at [C:\re\workspace\8-2-build-windows-amd64-cygwin\jdk8u151\9699\hotspot\src\share\vm\runtime\sharedRuntime.cpp, line 605]
Event: 16.123 Thread 0x0000000057470000 Exception <a 'java/lang/ArrayIndexOutOfBoundsException'> (0x00000000f209a9a8) thrown at [C:\re\workspace\8-2-build-windows-amd64-cygwin\jdk8u151\9699\hotspot\src\share\vm\runtime\sharedRuntime.cpp, line 605]

Events (10 events):
Event: 16.743 Executing VM operation: RevokeBias
Event: 16.743 Executing VM operation: RevokeBias done
Event: 16.744 loading class java/rmi/server/UnicastRemoteObject
Event: 16.744 loading class java/rmi/server/UnicastRemoteObject done
Event: 16.746 Thread 0x000000005c7a2000 Thread exited: 0x000000005c7a2000
Event: 16.758 Thread 0x000000005c7a2000 Thread added: 0x000000005c7a2000
Event: 16.761 Thread 0x000000005c7ca800 Thread added: 0x000000005c7ca800
Event: 16.775 Thread 0x000000005c7cb000 Thread added: 0x000000005c7cb000
Event: 16.777 Thread 0x000000005c7cc000 Thread added: 0x000000005c7cc000
Event: 16.787 Thread 0x000000005c7cc000 Thread exited: 0x000000005c7cc000


Dynamic libraries:
0x000000013f550000 - 0x000000013f587000 	C:\Program Files\Java\jre1.8.0_151\bin\javaw.exe
0x0000000077970000 - 0x0000000077b0f000 	C:\Windows\SYSTEM32\ntdll.dll
0x0000000077850000 - 0x000000007796f000 	C:\Windows\system32\kernel32.dll
0x000007fefdc10000 - 0x000007fefdc77000 	C:\Windows\system32\KERNELBASE.dll
0x000007fefe260000 - 0x000007fefe33b000 	C:\Windows\system32\ADVAPI32.dll
0x000007fefdfb0000 - 0x000007fefe04f000 	C:\Windows\system32\msvcrt.dll
0x000007feffc40000 - 0x000007feffc5f000 	C:\Windows\SYSTEM32\sechost.dll
0x000007fefe130000 - 0x000007fefe25c000 	C:\Windows\system32\RPCRT4.dll
0x0000000077750000 - 0x000000007784b000 	C:\Windows\system32\USER32.dll
0x000007feff3c0000 - 0x000007feff427000 	C:\Windows\system32\GDI32.dll
0x000007fefe340000 - 0x000007fefe34e000 	C:\Windows\system32\LPK.dll
0x000007feffa40000 - 0x000007feffb0b000 	C:\Windows\system32\USP10.dll
0x000007fefc520000 - 0x000007fefc715000 	C:\Windows\WinSxS\amd64_microsoft.windows.common-controls_6595b64144ccf1df_6.0.7601.24483_none_e372d88f30fbb845\COMCTL32.dll
0x000007feff0e0000 - 0x000007feff151000 	C:\Windows\system32\SHLWAPI.dll
0x000007feff430000 - 0x000007feff45e000 	C:\Windows\system32\IMM32.DLL
0x000007feff200000 - 0x000007feff30b000 	C:\Windows\system32\MSCTF.dll
0x0000000074f30000 - 0x0000000075002000 	C:\Program Files\Java\jre1.8.0_151\bin\msvcr100.dll
0x0000000071840000 - 0x00000000720dd000 	C:\Program Files\Java\jre1.8.0_151\bin\server\jvm.dll
0x000007fef4340000 - 0x000007fef4349000 	C:\Windows\system32\WSOCK32.dll
0x000007feff370000 - 0x000007feff3bd000 	C:\Windows\system32\WS2_32.dll
0x000007fefdfa0000 - 0x000007fefdfa8000 	C:\Windows\system32\NSI.dll
0x000007fef9290000 - 0x000007fef92cb000 	C:\Windows\system32\WINMM.dll
0x000007fefc4e0000 - 0x000007fefc4ec000 	C:\Windows\system32\VERSION.dll
0x0000000077b20000 - 0x0000000077b27000 	C:\Windows\system32\PSAPI.DLL
0x0000000074f20000 - 0x0000000074f2f000 	C:\Program Files\Java\jre1.8.0_151\bin\verify.dll
0x0000000074ef0000 - 0x0000000074f19000 	C:\Program Files\Java\jre1.8.0_151\bin\java.dll
0x0000000074eb0000 - 0x0000000074ee5000 	C:\Program Files\Java\jre1.8.0_151\bin\jdwp.dll
0x00000000753b0000 - 0x00000000753b8000 	C:\Program Files\Java\jre1.8.0_151\bin\npt.dll
0x0000000074e80000 - 0x0000000074ea3000 	C:\Program Files\Java\jre1.8.0_151\bin\instrument.dll
0x0000000074e60000 - 0x0000000074e76000 	C:\Program Files\Java\jre1.8.0_151\bin\zip.dll
0x000007fefe350000 - 0x000007feff0db000 	C:\Windows\system32\SHELL32.dll
0x000007feff640000 - 0x000007feff83f000 	C:\Windows\system32\ole32.dll
0x000007fefd8b0000 - 0x000007fefd8bf000 	C:\Windows\system32\profapi.dll
0x0000000074e50000 - 0x0000000074e59000 	C:\Program Files\Java\jre1.8.0_151\bin\dt_socket.dll
0x000007fefb880000 - 0x000007fefb895000 	C:\Windows\system32\NLAapi.dll
0x000007fef41e0000 - 0x000007fef41f5000 	C:\Windows\system32\napinsp.dll
0x000007fef41c0000 - 0x000007fef41d9000 	C:\Windows\system32\pnrpnsp.dll
0x000007fefd080000 - 0x000007fefd0d5000 	C:\Windows\System32\mswsock.dll
0x000007fefcf00000 - 0x000007fefcf5b000 	C:\Windows\system32\DNSAPI.dll
0x000007fef41b0000 - 0x000007fef41bb000 	C:\Windows\System32\winrnr.dll
0x000007fefb580000 - 0x000007fefb5a7000 	C:\Windows\system32\IPHLPAPI.DLL
0x000007fefb560000 - 0x000007fefb56b000 	C:\Windows\system32\WINNSI.DLL
0x000007fefb420000 - 0x000007fefb473000 	C:\Windows\System32\fwpuclnt.dll
0x000007fef96b0000 - 0x000007fef96b8000 	C:\Windows\system32\rasadhlp.dll
0x000007fefcad0000 - 0x000007fefcad7000 	C:\Windows\System32\wshtcpip.dll
0x0000000074e40000 - 0x0000000074e4d000 	C:\Program Files\Java\jre1.8.0_151\bin\management.dll
0x0000000074e20000 - 0x0000000074e3a000 	C:\Program Files\Java\jre1.8.0_151\bin\net.dll
0x000007fefd070000 - 0x000007fefd077000 	C:\Windows\System32\wship6.dll
0x0000000074e00000 - 0x0000000074e11000 	C:\Program Files\Java\jre1.8.0_151\bin\nio.dll
0x000007fefd0e0000 - 0x000007fefd0f8000 	C:\Windows\system32\CRYPTSP.dll
0x000007fefcdc0000 - 0x000007fefce07000 	C:\Windows\system32\rsaenh.dll
0x000007fefceb0000 - 0x000007fefcecf000 	C:\Windows\system32\USERENV.dll
0x000007fefd7a0000 - 0x000007fefd7af000 	C:\Windows\system32\CRYPTBASE.dll
0x000007fefb3f0000 - 0x000007fefb401000 	C:\Windows\system32\dhcpcsvc6.DLL
0x000007fefb370000 - 0x000007fefb388000 	C:\Windows\system32\dhcpcsvc.DLL
0x000007fef4200000 - 0x000007fef4325000 	C:\Windows\system32\dbghelp.dll

VM Arguments:
jvm_args: -agentlib:jdwp=transport=dt_socket,suspend=y,address=localhost:49509 -Dcom.sun.management.jmxremote -Dcom.sun.management.jmxremote.port=49508 -Dcom.sun.management.jmxremote.authenticate=false -Dcom.sun.management.jmxremote.ssl=false -Djava.rmi.server.hostname=localhost -Dspring.jmx.enabled=true -Dspring.application.admin.enabled=true -Xverify:none -XX:TieredStopAtLevel=1 -Dspring.boot.project.name=TaskManager -javaagent:C:\sts-4.7.1.RELEASE\configuration\org.eclipse.osgi\248\0\.cp\lib\javaagent-shaded.jar -Dfile.encoding=UTF-8 
java_command: com.manager.TaskManagerApplication --spring.output.ansi.enabled=always
java_class_path (initial): C:\workspace_spring\TaskManager\target\classes;C:\Users\jaque\.m2\repository\org\springframework\boot\spring-boot-starter-web\2.3.0.RELEASE\spring-boot-starter-web-2.3.0.RELEASE.jar;C:\Users\jaque\.m2\repository\org\springframework\boot\spring-boot-starter\2.3.0.RELEASE\spring-boot-starter-2.3.0.RELEASE.jar;C:\Users\jaque\.m2\repository\org\springframework\boot\spring-boot-starter-logging\2.3.0.RELEASE\spring-boot-starter-logging-2.3.0.RELEASE.jar;C:\Users\jaque\.m2\repository\ch\qos\logback\logback-classic\1.2.3\logback-classic-1.2.3.jar;C:\Users\jaque\.m2\repository\ch\qos\logback\logback-core\1.2.3\logback-core-1.2.3.jar;C:\Users\jaque\.m2\repository\org\apache\logging\log4j\log4j-to-slf4j\2.13.2\log4j-to-slf4j-2.13.2.jar;C:\Users\jaque\.m2\repository\org\apache\logging\log4j\log4j-api\2.13.2\log4j-api-2.13.2.jar;C:\Users\jaque\.m2\repository\org\slf4j\jul-to-slf4j\1.7.30\jul-to-slf4j-1.7.30.jar;C:\Users\jaque\.m2\repository\jakarta\annotation\jakarta.annotation-api\1.3.5\jakarta.annotation-api-1.3.5.jar;C:\Users\jaque\.m2\repository\org\yaml\snakeyaml\1.26\snakeyaml-1.26.jar;C:\Users\jaque\.m2\repository\org\springframework\boot\spring-boot-starter-json\2.3.0.RELEASE\spring-boot-starter-json-2.3.0.RELEASE.jar;C:\Users\jaque\.m2\repository\com\fasterxml\jackson\core\jackson-databind\2.11.0\jackson-databind-2.11.0.jar;C:\Users\jaque\.m2\repository\com\fasterxml\jackson\core\jackson-annotations\2.11.0\jackson-annotations-2.11.0.jar;C:\Users\jaque\.m2\repository\com\fasterxml\jackson\core\jackson-core\2.11.0\jackson-core-2.11.0.jar;C:\Users\jaque\.m2\repository\com\fasterxml\jackson\datatype\jackson-datatype-jdk8\2.11.0\jackson-datatype-jdk8-2.11.0.jar;C:\Users\jaque\.m2\repository\com\fasterxml\jackson\datatype\jackson-datatype-jsr310\2.11.0\jackson-datatype-jsr310-2.11.0.jar;C:\Users\jaque\.m2\repository\com\fasterxml\jackson\module\jackson-module-parameter-names\2.11.0\jackson-module-parameter-names-2.11.0.jar;C:\Users\jaque\.m2\repos
Launcher Type: SUN_STANDARD

Environment Variables:
JAVA_HOME=C:\Program Files\Java\jdk1.8.0_151\bin
JRE_HOME=C:\Program Files\Java\jre1.8.0_151\bin
CLASSPATH=.;C:\Program Files\Java\jdk1.8.0_151\bin\lib;
PATH=C:/Program Files/Java/jre1.8.0_261/bin/server;C:/Program Files/Java/jre1.8.0_261/bin;C:/Program Files/Java/jre1.8.0_261/lib/amd64;C:\Program Files\Common Files\Oracle\Java\javapath;C:\Program Files (x86)\Common Files\Oracle\Java\javapath;C:\ProgramData\Oracle\Java\javapath;C:\Windows\system32;C:\Windows;C:\Windows\System32\Wbem;C:\Windows\System32\WindowsPowerShell\v1.0\;C:\Program Files\Git\cmd;C:\Program Files\Java\jdk1.8.0_151\bin\bin;C:\Program Files\nodejs\;C:\Users\jaque\AppData\Local\Programs\Python\Python38\Scripts\;C:\Users\jaque\AppData\Local\Programs\Python\Python38\;C:\Users\jaque\AppData\Local\Programs\Microsoft VS Code\bin;C:\Users\jaque\AppData\Roaming\npm;C:\sts-4.7.1.RELEASE;
USERNAME=jaque
OS=Windows_NT
PROCESSOR_IDENTIFIER=Intel64 Family 6 Model 42 Stepping 1, GenuineIntel



---------------  S Y S T E M  ---------------

OS: Windows 7 , 64 bit Build 7601 (6.1.7601.24545)

CPU:total 2 (initial active 2) (1 cores per cpu, 1 threads per core) family 6 model 42 stepping 1, cmov, cx8, fxsr, mmx, sse, sse2, sse3, ssse3, sse4.1, sse4.2, popcnt, avx, aes, clmul, tsc

Memory: 4k page, physical 4193776k(1112328k free), swap 8385652k(4340364k free)

vm_info: Java HotSpot(TM) 64-Bit Server VM (25.151-b12) for windows-amd64 JRE (1.8.0_151-b12), built on Sep  5 2017 19:33:46 by "java_re" with MS VC++ 10.0 (VS2010)

time: Tue Nov 03 00:41:22 2020
elapsed time: 16 seconds (0d 0h 0m 16s)

